[2013-01-27 14:36:33] START
[2013-01-27 14:36:33] EDIT INF_202_Survey/views/default/show.html: 1
[2013-01-27 14:36:44] EDIT INF_202_Survey/views/default/show.html: 0
[2013-01-27 14:40:05] EDIT INF_202_Survey/controllers/default.py: -1
[2013-01-27 15:39:58] EDIT INF_202_Survey/views/default/show.html: -1
[2013-01-27 15:44:51] EDIT INF_202_Survey/controllers/default.py: 1
[2013-01-27 15:46:28] EDIT INF_202_Survey/controllers/default.py: 2
[2013-01-27 15:46:49] EDIT INF_202_Survey/controllers/default.py: 0
[2013-01-27 15:47:22] EDIT INF_202_Survey/controllers/default.py: 0
[2013-01-27 15:48:56] EDIT INF_202_Survey/models/db.py: 0
[2013-01-27 15:49:32] EDIT INF_202_Survey/models/db.py: 0
[2013-01-27 15:50:17] EDIT INF_202_Survey/controllers/default.py: 0
[2013-01-27 15:56:45] EDIT INF_202_Survey/views/default/show.html: 2
[2013-01-27 15:57:25] EDIT INF_202_Survey/views/default/show.html: 1
[2013-01-27 15:57:53] EDIT INF_202_Survey/views/default/show.html: 0
[2013-01-27 15:57:57] EDIT INF_202_Survey/views/default/show.html: 0
[2013-01-27 15:58:57] EDIT INF_202_Survey/views/default/show.html: -1
[2013-01-27 15:59:26] EDIT INF_202_Survey/views/default/show.html: 1
[2013-01-27 16:06:54] EDIT INF_202_Survey/views/default/show.html: -1
[2013-01-27 16:07:11] EDIT INF_202_Survey/views/default/show.html: 0
[2013-01-27 16:07:41] EDIT INF_202_Survey/views/default/show.html: -5
[2013-01-27 16:07:57] EDIT INF_202_Survey/views/default/show.html: -1
[2013-01-27 16:08:17] EDIT INF_202_Survey/views/default/show.html: 0
[2013-01-27 16:08:37] EDIT INF_202_Survey/views/default/show.html: 0
[2013-01-27 16:09:25] EDIT INF_202_Survey/views/default/show.html: 1
[2013-01-27 16:09:38] EDIT INF_202_Survey/views/default/show.html: 0
[2013-01-27 16:09:53] EDIT INF_202_Survey/views/default/show.html: 0
[2013-01-27 16:10:05] EDIT INF_202_Survey/views/default/show.html: 0
[2013-01-27 16:10:19] EDIT INF_202_Survey/views/default/show.html: 0
[2013-01-27 16:10:48] EDIT INF_202_Survey/views/default/show.html: 1
[2013-01-27 16:11:26] EDIT INF_202_Survey/views/default/show.html: -1
[2013-01-27 16:11:40] EDIT INF_202_Survey/views/default/show.html: 0
[2013-01-27 16:11:54] EDIT INF_202_Survey/views/default/show.html: 0
[2013-01-27 16:12:05] EDIT INF_202_Survey/views/default/show.html: 0
[2013-01-27 16:12:30] EDIT INF_202_Survey/views/default/show.html: 0
[2013-01-27 16:12:54] EDIT INF_202_Survey/views/default/show.html: 0
[2013-01-27 16:14:02] EDIT INF_202_Survey/views/default/show.html: -1
[2013-01-27 16:19:10] EDIT INF_202_Survey/views/default/show.html: 1
[2013-01-27 16:20:39] EDIT INF_202_Survey/views/default/show.html: -1
[2013-01-27 16:22:54] EDIT INF_202_Survey/models/db.py: 0
[2013-01-27 16:25:00] EDIT INF_202_Survey/controllers/default.py: 1
[2013-01-27 16:30:09] EDIT INF_202_Survey/controllers/default.py: 0
[2013-01-27 16:30:30] EDIT INF_202_Survey/controllers/default.py: 0
[2013-01-27 16:31:04] EDIT INF_202_Survey/controllers/default.py: 0
[2013-01-27 16:36:25] EDIT INF_202_Survey/controllers/default.py: 1
[2013-01-27 16:37:11] EDIT INF_202_Survey/controllers/default.py: -1
[2013-01-27 16:37:41] EDIT INF_202_Survey/controllers/default.py: -1
[2013-01-27 16:38:17] EDIT INF_202_Survey/controllers/default.py: 0
[2013-01-27 16:39:06] EDIT INF_202_Survey/controllers/default.py: 1
[2013-01-27 16:39:26] EDIT INF_202_Survey/controllers/default.py: 0
[2013-01-27 16:39:40] EDIT INF_202_Survey/controllers/default.py: 0
[2013-01-27 16:40:09] EDIT INF_202_Survey/controllers/default.py: 0
[2013-01-27 16:42:02] EDIT INF_202_Survey/controllers/default.py: 1
[2013-01-27 16:42:31] EDIT INF_202_Survey/controllers/default.py: 0
[2013-01-27 16:43:10] EDIT INF_202_Survey/controllers/default.py: 0
[2013-01-27 16:43:16] EDIT INF_202_Survey/controllers/default.py: -1
[2013-01-27 16:43:38] EDIT INF_202_Survey/controllers/default.py: 0
[2013-01-27 16:44:26] EDIT INF_202_Survey/controllers/default.py: 0
[2013-01-27 16:45:13] EDIT INF_202_Survey/controllers/default.py: 0
[2013-01-27 16:45:49] EDIT INF_202_Survey/controllers/default.py: 0
[2013-01-27 16:47:26] EDIT INF_202_Survey/controllers/default.py: 1
[2013-01-27 16:48:13] EDIT INF_202_Survey/controllers/default.py: 0
[2013-01-27 16:49:46] EDIT INF_202_Survey/controllers/default.py: 0
[2013-01-27 16:49:49] EDIT INF_202_Survey/controllers/default.py: 0
[2013-01-27 16:49:55] EDIT INF_202_Survey/controllers/default.py: 0
[2013-01-27 16:50:40] EDIT INF_202_Survey/controllers/default.py: 0
[2013-01-27 16:51:38] EDIT INF_202_Survey/controllers/default.py: 0
[2013-01-27 16:52:27] EDIT INF_202_Survey/controllers/default.py: 0
[2013-01-27 16:55:07] EDIT INF_202_Survey/controllers/default.py: 0
[2013-01-27 16:55:47] EDIT INF_202_Survey/controllers/default.py: 0
[2013-01-27 16:57:53] EDIT INF_202_Survey/controllers/default.py: 0
[2013-01-27 16:59:18] EDIT INF_202_Survey/controllers/default.py: 0
[2013-01-27 17:01:02] EDIT INF_202_Survey/models/db.py: -4
[2013-01-27 17:01:22] EDIT INF_202_Survey/models/db.py: 0
[2013-01-27 17:02:48] EDIT INF_202_Survey/models/db.py: 0
[2013-01-27 17:02:55] EDIT INF_202_Survey/models/db.py: 0
[2013-01-27 17:03:23] EDIT INF_202_Survey/models/db.py: 0
[2013-01-27 17:03:52] EDIT INF_202_Survey/models/db.py: 0
[2013-01-27 17:09:11] EDIT INF_202_Survey/models/db.py: 4
[2013-01-27 17:20:09] EDIT INF_202_Survey/controllers/default.py: 1
[2013-01-27 17:24:40] EDIT INF_202_Survey/models/db.py: 0
[2013-01-27 17:25:40] EDIT INF_202_Survey/models/db.py: 1
[2013-01-27 17:26:51] EDIT INF_202_Survey/controllers/default.py: -1
[2013-01-27 17:27:50] EDIT INF_202_Survey/views/default/show.html: -3
[2013-01-27 17:35:00] EDIT INF_202_Survey/models/db.py: 0
[2013-01-27 17:35:39] EDIT INF_202_Survey/models/db.py: 0
[2013-01-27 17:37:14] EDIT INF_202_Survey/views/default/show.html: 2
[2013-01-27 17:38:29] EDIT INF_202_Survey/views/default/show.html: 1
[2013-01-27 17:38:43] EDIT INF_202_Survey/views/default/show.html: 0
[2013-01-27 17:39:13] EDIT INF_202_Survey/views/default/show.html: 0
[2013-01-27 17:39:54] EDIT INF_202_Survey/models/db.py: 0
[2013-01-27 17:43:24] EDIT INF_202_Survey/controllers/default.py: 3
[2013-01-27 17:44:04] EDIT INF_202_Survey/controllers/default.py: 0
[2013-01-27 17:45:58] EDIT INF_202_Survey/controllers/default.py: 1
[2013-01-27 17:46:42] EDIT INF_202_Survey/controllers/default.py: 0
[2013-01-27 18:45:37] EDIT INF_202_Survey/models/db.py: 4
[2013-01-27 18:47:00] EDIT INF_202_Survey/models/db.py: 1
[2013-01-27 18:48:01] EDIT INF_202_Survey/models/db.py: -1
[2013-01-27 19:03:20] EDIT INF_202_Survey/controllers/default.py: 1
[2013-01-27 19:03:46] EDIT INF_202_Survey/models/db.py: 1
[2013-01-27 19:04:02] EDIT INF_202_Survey/models/db.py: 0
[2013-01-27 19:05:38] EDIT INF_202_Survey/controllers/default.py: 0
[2013-01-27 19:08:31] EDIT INF_202_Survey/controllers/default.py: 1
[2013-01-27 19:08:33] EDIT INF_202_Survey/controllers/default.py: 0
[2013-01-27 19:08:49] EDIT INF_202_Survey/controllers/default.py: 0
[2013-01-27 19:08:52] EDIT INF_202_Survey/controllers/default.py: 0
[2013-01-27 19:09:25] EDIT INF_202_Survey/controllers/default.py: 0
[2013-01-27 19:12:42] EDIT INF_202_Survey/controllers/default.py: 0
[2013-01-27 19:14:04] EDIT INF_202_Survey/controllers/default.py: 0
[2013-01-27 19:17:22] EDIT INF_202_Survey/controllers/default.py: 0
[2013-01-27 19:17:30] EDIT INF_202_Survey/controllers/default.py: 0
[2013-01-27 19:17:40] EDIT INF_202_Survey/controllers/default.py: 0
[2013-01-27 19:18:27] EDIT INF_202_Survey/controllers/default.py: 0
[2013-01-27 19:19:55] EDIT INF_202_Survey/controllers/default.py: 1
[2013-01-27 19:20:07] EDIT INF_202_Survey/controllers/default.py: 0
[2013-01-27 19:21:03] EDIT INF_202_Survey/controllers/default.py: -4
[2013-01-27 19:21:31] EDIT INF_202_Survey/controllers/default.py: 1
[2013-01-27 19:23:47] EDIT INF_202_Survey/controllers/default.py: 1
[2013-01-27 19:24:06] EDIT INF_202_Survey/controllers/default.py: 0
[2013-01-27 19:24:12] EDIT INF_202_Survey/controllers/default.py: 0
[2013-01-27 19:24:32] EDIT INF_202_Survey/controllers/default.py: 0
[2013-01-27 19:25:06] EDIT INF_202_Survey/controllers/default.py: -1
[2013-01-27 19:25:24] EDIT INF_202_Survey/controllers/default.py: 2
[2013-01-27 19:26:02] EDIT INF_202_Survey/models/db.py: 2
