timestamp: 2013-01-27T17:59:11.782175
CREATE TABLE auth_user(
    id INTEGER PRIMARY KEY AUTOINCREMENT,
    first_name CHAR(128),
    last_name CHAR(128),
    email CHAR(512),
    username CHAR(128),
    password CHAR(512),
    registration_key CHAR(512),
    reset_password_key CHAR(512),
    registration_id CHAR(512)
);
success!
timestamp: 2013-01-27T17:59:11.902172
CREATE TABLE auth_group(
    id INTEGER PRIMARY KEY AUTOINCREMENT,
    role CHAR(512),
    description TEXT
);
success!
timestamp: 2013-01-27T17:59:11.993957
CREATE TABLE auth_membership(
    id INTEGER PRIMARY KEY AUTOINCREMENT,
    user_id INTEGER REFERENCES auth_user (id) ON DELETE CASCADE,
    group_id INTEGER REFERENCES auth_group (id) ON DELETE CASCADE
);
success!
timestamp: 2013-01-27T17:59:12.085874
CREATE TABLE auth_permission(
    id INTEGER PRIMARY KEY AUTOINCREMENT,
    group_id INTEGER REFERENCES auth_group (id) ON DELETE CASCADE,
    name CHAR(512),
    table_name CHAR(512),
    record_id INTEGER
);
success!
timestamp: 2013-01-27T17:59:12.177208
CREATE TABLE auth_event(
    id INTEGER PRIMARY KEY AUTOINCREMENT,
    time_stamp TIMESTAMP,
    client_ip CHAR(512),
    user_id INTEGER REFERENCES auth_user (id) ON DELETE CASCADE,
    origin CHAR(512),
    description TEXT
);
success!
timestamp: 2013-01-27T17:59:12.272486
CREATE TABLE auth_cas(
    id INTEGER PRIMARY KEY AUTOINCREMENT,
    user_id INTEGER REFERENCES auth_user (id) ON DELETE CASCADE,
    created_on TIMESTAMP,
    service CHAR(512),
    ticket CHAR(512),
    renew CHAR(1)
);
success!
timestamp: 2013-01-27T17:59:12.357708
CREATE TABLE questions(
    id INTEGER PRIMARY KEY AUTOINCREMENT,
    question CHAR(512) UNIQUE
);
success!
timestamp: 2013-01-27T17:59:12.448496
CREATE TABLE answers(
    id INTEGER PRIMARY KEY AUTOINCREMENT,
    user_id CHAR(512),
    question_id CHAR(512),
    answer CHAR(512)
);
success!
timestamp: 2013-01-27T18:47:10.713756
CREATE TABLE tbl_groups(
    id INTEGER PRIMARY KEY AUTOINCREMENT,
    name CHAR(512) UNIQUE
);
success!
timestamp: 2013-01-27T18:48:03.592086
ALTER TABLE auth_user ADD tbl_group_id CHAR(512);
timestamp: 2013-01-27T19:04:17.956039
ALTER TABLE answers ADD tbl_group_id CHAR(512);
